{"/home/jonathan/Documentos/www/ignite/reactnative/gofinances/src/components/Form/Button/index.tsx": {"path":"/home/jonathan/Documentos/www/ignite/reactnative/gofinances/src/components/Form/Button/index.tsx","statementMap":{"0":{"start":{"line":15,"column":2},"end":{"line":21,"column":3}}},"fnMap":{"0":{"name":"Button","decl":{"start":{"line":11,"column":16},"end":{"line":11,"column":22}},"loc":{"start":{"line":14,"column":20},"end":{"line":22,"column":1}},"line":14}},"branchMap":{},"s":{"0":4},"f":{"0":4},"b":{},"_coverageSchema":"1a1c01bbd47fc00a2c39e90264f33305004495a9","hash":"43b9efddb35f20c89672e8242ee3e984250824fb"}
,"/home/jonathan/Documentos/www/ignite/reactnative/gofinances/src/components/Form/CategorySelectButton/index.tsx": {"path":"/home/jonathan/Documentos/www/ignite/reactnative/gofinances/src/components/Form/CategorySelectButton/index.tsx","statementMap":{"0":{"start":{"line":16,"column":2},"end":{"line":21,"column":3}}},"fnMap":{"0":{"name":"CategorySelectButton","decl":{"start":{"line":15,"column":16},"end":{"line":15,"column":36}},"loc":{"start":{"line":15,"column":72},"end":{"line":22,"column":1}},"line":15}},"branchMap":{},"s":{"0":2},"f":{"0":2},"b":{},"_coverageSchema":"1a1c01bbd47fc00a2c39e90264f33305004495a9","hash":"b16d32e2694fe24a638b44868ea49bbbe3b65b91"}
,"/home/jonathan/Documentos/www/ignite/reactnative/gofinances/src/components/Form/Input/index.tsx": {"path":"/home/jonathan/Documentos/www/ignite/reactnative/gofinances/src/components/Form/Input/index.tsx","statementMap":{"0":{"start":{"line":12,"column":2},"end":{"line":14,"column":3}}},"fnMap":{"0":{"name":"Input","decl":{"start":{"line":11,"column":16},"end":{"line":11,"column":21}},"loc":{"start":{"line":11,"column":58},"end":{"line":15,"column":1}},"line":11}},"branchMap":{"0":{"loc":{"start":{"line":11,"column":24},"end":{"line":11,"column":38}},"type":"default-arg","locations":[{"start":{"line":11,"column":33},"end":{"line":11,"column":38}}],"line":11}},"s":{"0":4},"f":{"0":4},"b":{"0":[4]},"_coverageSchema":"1a1c01bbd47fc00a2c39e90264f33305004495a9","hash":"ace2a559d1bcb563407cc790ad99510476144aa7"}
,"/home/jonathan/Documentos/www/ignite/reactnative/gofinances/src/components/Form/InputForm/index.tsx": {"path":"/home/jonathan/Documentos/www/ignite/reactnative/gofinances/src/components/Form/InputForm/index.tsx","statementMap":{"0":{"start":{"line":22,"column":2},"end":{"line":37,"column":3}},"1":{"start":{"line":27,"column":10},"end":{"line":31,"column":12}}},"fnMap":{"0":{"name":"InputForm","decl":{"start":{"line":16,"column":16},"end":{"line":16,"column":25}},"loc":{"start":{"line":21,"column":10},"end":{"line":38,"column":1}},"line":21},"1":{"name":"(anonymous_1)","decl":{"start":{"line":26,"column":16},"end":{"line":26,"column":17}},"loc":{"start":{"line":27,"column":10},"end":{"line":31,"column":12}},"line":27}},"branchMap":{"0":{"loc":{"start":{"line":35,"column":7},"end":{"line":35,"column":38}},"type":"binary-expr","locations":[{"start":{"line":35,"column":7},"end":{"line":35,"column":12}},{"start":{"line":35,"column":16},"end":{"line":35,"column":38}}],"line":35}},"s":{"0":4,"1":4},"f":{"0":4,"1":4},"b":{"0":[4,0]},"_coverageSchema":"1a1c01bbd47fc00a2c39e90264f33305004495a9","hash":"3941f18e0d0a1e8eeec209025333b6a6eca0caec"}
,"/home/jonathan/Documentos/www/ignite/reactnative/gofinances/src/components/Form/TransactionTypeButton/index.tsx": {"path":"/home/jonathan/Documentos/www/ignite/reactnative/gofinances/src/components/Form/TransactionTypeButton/index.tsx","statementMap":{"0":{"start":{"line":11,"column":14},"end":{"line":14,"column":1}},"1":{"start":{"line":23,"column":2},"end":{"line":43,"column":3}}},"fnMap":{"0":{"name":"TransactionTypeButton","decl":{"start":{"line":22,"column":16},"end":{"line":22,"column":37}},"loc":{"start":{"line":22,"column":81},"end":{"line":44,"column":1}},"line":22}},"branchMap":{},"s":{"0":1,"1":4},"f":{"0":4},"b":{},"_coverageSchema":"1a1c01bbd47fc00a2c39e90264f33305004495a9","hash":"ee972e021d5de1fa13f459d8c6c9edec3d4c2331"}
,"/home/jonathan/Documentos/www/ignite/reactnative/gofinances/src/components/HightlightCard/index.tsx": {"path":"/home/jonathan/Documentos/www/ignite/reactnative/gofinances/src/components/HightlightCard/index.tsx","statementMap":{"0":{"start":{"line":20,"column":13},"end":{"line":24,"column":1}},"1":{"start":{"line":32,"column":2},"end":{"line":50,"column":3}}},"fnMap":{"0":{"name":"HighlightCard","decl":{"start":{"line":26,"column":16},"end":{"line":26,"column":29}},"loc":{"start":{"line":31,"column":10},"end":{"line":51,"column":1}},"line":31}},"branchMap":{},"s":{"0":0,"1":0},"f":{"0":0},"b":{}}
,"/home/jonathan/Documentos/www/ignite/reactnative/gofinances/src/components/HistoryCard/index.tsx": {"path":"/home/jonathan/Documentos/www/ignite/reactnative/gofinances/src/components/HistoryCard/index.tsx","statementMap":{"0":{"start":{"line":16,"column":2},"end":{"line":21,"column":3}}},"fnMap":{"0":{"name":"HistoryCard","decl":{"start":{"line":15,"column":16},"end":{"line":15,"column":27}},"loc":{"start":{"line":15,"column":61},"end":{"line":22,"column":1}},"line":15}},"branchMap":{},"s":{"0":0},"f":{"0":0},"b":{}}
,"/home/jonathan/Documentos/www/ignite/reactnative/gofinances/src/components/SignInSocialButton/index.tsx": {"path":"/home/jonathan/Documentos/www/ignite/reactnative/gofinances/src/components/SignInSocialButton/index.tsx","statementMap":{"0":{"start":{"line":22,"column":2},"end":{"line":32,"column":3}}},"fnMap":{"0":{"name":"SignInSocialButton","decl":{"start":{"line":17,"column":16},"end":{"line":17,"column":34}},"loc":{"start":{"line":21,"column":10},"end":{"line":33,"column":1}},"line":21}},"branchMap":{},"s":{"0":0},"f":{"0":0},"b":{}}
,"/home/jonathan/Documentos/www/ignite/reactnative/gofinances/src/components/TransactionCard/index.tsx": {"path":"/home/jonathan/Documentos/www/ignite/reactnative/gofinances/src/components/TransactionCard/index.tsx","statementMap":{"0":{"start":{"line":29,"column":21},"end":{"line":31,"column":3}},"1":{"start":{"line":30,"column":12},"end":{"line":30,"column":38}},"2":{"start":{"line":33,"column":2},"end":{"line":57,"column":17}}},"fnMap":{"0":{"name":"TransactionCard","decl":{"start":{"line":26,"column":16},"end":{"line":26,"column":31}},"loc":{"start":{"line":28,"column":10},"end":{"line":58,"column":1}},"line":28},"1":{"name":"(anonymous_1)","decl":{"start":{"line":30,"column":4},"end":{"line":30,"column":5}},"loc":{"start":{"line":30,"column":12},"end":{"line":30,"column":38}},"line":30}},"branchMap":{"0":{"loc":{"start":{"line":40,"column":9},"end":{"line":40,"column":41}},"type":"binary-expr","locations":[{"start":{"line":40,"column":9},"end":{"line":40,"column":33}},{"start":{"line":40,"column":37},"end":{"line":40,"column":41}}],"line":40}},"s":{"0":0,"1":0,"2":0},"f":{"0":0,"1":0},"b":{"0":[0,0]}}
,"/home/jonathan/Documentos/www/ignite/reactnative/gofinances/src/hooks/auth.tsx": {"path":"/home/jonathan/Documentos/www/ignite/reactnative/gofinances/src/hooks/auth.tsx","statementMap":{"0":{"start":{"line":9,"column":22},"end":{"line":9,"column":33}},"1":{"start":{"line":10,"column":25},"end":{"line":10,"column":36}},"2":{"start":{"line":40,"column":20},"end":{"line":40,"column":57}},"3":{"start":{"line":43,"column":26},"end":{"line":43,"column":52}},"4":{"start":{"line":44,"column":54},"end":{"line":44,"column":68}},"5":{"start":{"line":46,"column":25},"end":{"line":46,"column":43}},"6":{"start":{"line":49,"column":4},"end":{"line":75,"column":5}},"7":{"start":{"line":50,"column":28},"end":{"line":50,"column":35}},"8":{"start":{"line":51,"column":20},"end":{"line":51,"column":46}},"9":{"start":{"line":53,"column":22},"end":{"line":53,"column":166}},"10":{"start":{"line":55,"column":31},"end":{"line":56,"column":57}},"11":{"start":{"line":58,"column":6},"end":{"line":72,"column":7}},"12":{"start":{"line":59,"column":25},"end":{"line":59,"column":130}},"13":{"start":{"line":60,"column":25},"end":{"line":60,"column":46}},"14":{"start":{"line":62,"column":27},"end":{"line":67,"column":9}},"15":{"start":{"line":69,"column":8},"end":{"line":69,"column":28}},"16":{"start":{"line":71,"column":8},"end":{"line":71,"column":78}},"17":{"start":{"line":74,"column":6},"end":{"line":74,"column":36}},"18":{"start":{"line":79,"column":4},"end":{"line":79,"column":24}},"19":{"start":{"line":80,"column":4},"end":{"line":80,"column":50}},"20":{"start":{"line":83,"column":2},"end":{"line":96,"column":8}},"21":{"start":{"line":85,"column":27},"end":{"line":85,"column":69}},"22":{"start":{"line":87,"column":6},"end":{"line":90,"column":7}},"23":{"start":{"line":88,"column":27},"end":{"line":88,"column":59}},"24":{"start":{"line":89,"column":8},"end":{"line":89,"column":28}},"25":{"start":{"line":92,"column":6},"end":{"line":92,"column":35}},"26":{"start":{"line":95,"column":4},"end":{"line":95,"column":26}},"27":{"start":{"line":98,"column":2},"end":{"line":107,"column":3}},"28":{"start":{"line":111,"column":18},"end":{"line":111,"column":41}},"29":{"start":{"line":113,"column":2},"end":{"line":113,"column":17}}},"fnMap":{"0":{"name":"AuthProvider","decl":{"start":{"line":42,"column":9},"end":{"line":42,"column":21}},"loc":{"start":{"line":42,"column":55},"end":{"line":108,"column":1}},"line":42},"1":{"name":"signInWithGoogle","decl":{"start":{"line":48,"column":17},"end":{"line":48,"column":33}},"loc":{"start":{"line":48,"column":36},"end":{"line":76,"column":3}},"line":48},"2":{"name":"signOut","decl":{"start":{"line":78,"column":17},"end":{"line":78,"column":24}},"loc":{"start":{"line":78,"column":27},"end":{"line":81,"column":3}},"line":78},"3":{"name":"(anonymous_3)","decl":{"start":{"line":83,"column":12},"end":{"line":83,"column":13}},"loc":{"start":{"line":83,"column":18},"end":{"line":96,"column":3}},"line":83},"4":{"name":"loadUserStorageData","decl":{"start":{"line":84,"column":19},"end":{"line":84,"column":38}},"loc":{"start":{"line":84,"column":41},"end":{"line":93,"column":5}},"line":84},"5":{"name":"useAuth","decl":{"start":{"line":110,"column":9},"end":{"line":110,"column":16}},"loc":{"start":{"line":110,"column":19},"end":{"line":114,"column":1}},"line":110}},"branchMap":{"0":{"loc":{"start":{"line":58,"column":6},"end":{"line":72,"column":7}},"type":"if","locations":[{"start":{"line":58,"column":6},"end":{"line":72,"column":7}},{"start":{"line":58,"column":6},"end":{"line":72,"column":7}}],"line":58},"1":{"loc":{"start":{"line":87,"column":6},"end":{"line":90,"column":7}},"type":"if","locations":[{"start":{"line":87,"column":6},"end":{"line":90,"column":7}},{"start":{"line":87,"column":6},"end":{"line":90,"column":7}}],"line":87}},"s":{"0":1,"1":1,"2":1,"3":0,"4":0,"5":0,"6":0,"7":0,"8":0,"9":0,"10":0,"11":0,"12":0,"13":0,"14":0,"15":0,"16":0,"17":0,"18":0,"19":0,"20":0,"21":0,"22":0,"23":0,"24":0,"25":0,"26":0,"27":0,"28":2,"29":2},"f":{"0":0,"1":0,"2":0,"3":0,"4":0,"5":2},"b":{"0":[0,0],"1":[0,0]},"_coverageSchema":"1a1c01bbd47fc00a2c39e90264f33305004495a9","hash":"38bc9a1139e0090c6308c35d5172abe94a34c0c6"}
,"/home/jonathan/Documentos/www/ignite/reactnative/gofinances/src/routes/app.routes.tsx": {"path":"/home/jonathan/Documentos/www/ignite/reactnative/gofinances/src/routes/app.routes.tsx","statementMap":{"0":{"start":{"line":10,"column":30},"end":{"line":10,"column":56}},"1":{"start":{"line":13,"column":16},"end":{"line":13,"column":26}},"2":{"start":{"line":15,"column":2},"end":{"line":70,"column":4}},"3":{"start":{"line":33,"column":12},"end":{"line":37,"column":14}},"4":{"start":{"line":47,"column":12},"end":{"line":51,"column":14}},"5":{"start":{"line":61,"column":12},"end":{"line":65,"column":14}}},"fnMap":{"0":{"name":"AppRoutes","decl":{"start":{"line":12,"column":16},"end":{"line":12,"column":25}},"loc":{"start":{"line":12,"column":28},"end":{"line":71,"column":1}},"line":12},"1":{"name":"(anonymous_1)","decl":{"start":{"line":32,"column":23},"end":{"line":32,"column":24}},"loc":{"start":{"line":33,"column":12},"end":{"line":37,"column":14}},"line":33},"2":{"name":"(anonymous_2)","decl":{"start":{"line":46,"column":23},"end":{"line":46,"column":24}},"loc":{"start":{"line":47,"column":12},"end":{"line":51,"column":14}},"line":47},"3":{"name":"(anonymous_3)","decl":{"start":{"line":60,"column":23},"end":{"line":60,"column":24}},"loc":{"start":{"line":61,"column":12},"end":{"line":65,"column":14}},"line":61}},"branchMap":{"0":{"loc":{"start":{"line":22,"column":25},"end":{"line":22,"column":55}},"type":"cond-expr","locations":[{"start":{"line":22,"column":49},"end":{"line":22,"column":51}},{"start":{"line":22,"column":54},"end":{"line":22,"column":55}}],"line":22}},"s":{"0":0,"1":0,"2":0,"3":0,"4":0,"5":0},"f":{"0":0,"1":0,"2":0,"3":0},"b":{"0":[0,0]}}
,"/home/jonathan/Documentos/www/ignite/reactnative/gofinances/src/routes/auth.routes.tsx": {"path":"/home/jonathan/Documentos/www/ignite/reactnative/gofinances/src/routes/auth.routes.tsx","statementMap":{"0":{"start":{"line":6,"column":30},"end":{"line":6,"column":52}},"1":{"start":{"line":9,"column":2},"end":{"line":18,"column":3}}},"fnMap":{"0":{"name":"AuthRoutes","decl":{"start":{"line":8,"column":16},"end":{"line":8,"column":26}},"loc":{"start":{"line":8,"column":29},"end":{"line":19,"column":1}},"line":8}},"branchMap":{},"s":{"0":0,"1":0},"f":{"0":0},"b":{}}
,"/home/jonathan/Documentos/www/ignite/reactnative/gofinances/src/routes/index.tsx": {"path":"/home/jonathan/Documentos/www/ignite/reactnative/gofinances/src/routes/index.tsx","statementMap":{"0":{"start":{"line":10,"column":19},"end":{"line":10,"column":28}},"1":{"start":{"line":12,"column":2},"end":{"line":16,"column":3}}},"fnMap":{"0":{"name":"Routes","decl":{"start":{"line":9,"column":16},"end":{"line":9,"column":22}},"loc":{"start":{"line":9,"column":25},"end":{"line":17,"column":1}},"line":9}},"branchMap":{"0":{"loc":{"start":{"line":14,"column":7},"end":{"line":14,"column":47}},"type":"cond-expr","locations":[{"start":{"line":14,"column":17},"end":{"line":14,"column":30}},{"start":{"line":14,"column":33},"end":{"line":14,"column":47}}],"line":14}},"s":{"0":0,"1":0},"f":{"0":0},"b":{"0":[0,0]}}
,"/home/jonathan/Documentos/www/ignite/reactnative/gofinances/src/screens/CategorySelect/index.tsx": {"path":"/home/jonathan/Documentos/www/ignite/reactnative/gofinances/src/screens/CategorySelect/index.tsx","statementMap":{"0":{"start":{"line":36,"column":4},"end":{"line":36,"column":25}},"1":{"start":{"line":39,"column":2},"end":{"line":69,"column":3}},"2":{"start":{"line":48,"column":32},"end":{"line":48,"column":40}},"3":{"start":{"line":50,"column":10},"end":{"line":56,"column":21}},"4":{"start":{"line":51,"column":27},"end":{"line":51,"column":53}},"5":{"start":{"line":58,"column":38},"end":{"line":58,"column":51}}},"fnMap":{"0":{"name":"CategorySelect","decl":{"start":{"line":30,"column":16},"end":{"line":30,"column":30}},"loc":{"start":{"line":34,"column":10},"end":{"line":70,"column":1}},"line":34},"1":{"name":"handleCategorySelect","decl":{"start":{"line":35,"column":11},"end":{"line":35,"column":31}},"loc":{"start":{"line":35,"column":52},"end":{"line":37,"column":3}},"line":35},"2":{"name":"(anonymous_2)","decl":{"start":{"line":48,"column":22},"end":{"line":48,"column":23}},"loc":{"start":{"line":48,"column":32},"end":{"line":48,"column":40}},"line":48},"3":{"name":"(anonymous_3)","decl":{"start":{"line":49,"column":20},"end":{"line":49,"column":21}},"loc":{"start":{"line":50,"column":10},"end":{"line":56,"column":21}},"line":50},"4":{"name":"(anonymous_4)","decl":{"start":{"line":51,"column":21},"end":{"line":51,"column":22}},"loc":{"start":{"line":51,"column":27},"end":{"line":51,"column":53}},"line":51},"5":{"name":"(anonymous_5)","decl":{"start":{"line":58,"column":32},"end":{"line":58,"column":33}},"loc":{"start":{"line":58,"column":38},"end":{"line":58,"column":51}},"line":58}},"branchMap":{},"s":{"0":0,"1":2,"2":12,"3":12,"4":0,"5":10},"f":{"0":2,"1":0,"2":12,"3":12,"4":0,"5":10},"b":{},"_coverageSchema":"1a1c01bbd47fc00a2c39e90264f33305004495a9","hash":"8f386143e2dbc718557a6e00494a25694cb029ac"}
,"/home/jonathan/Documentos/www/ignite/reactnative/gofinances/src/screens/Dashboard/index.tsx": {"path":"/home/jonathan/Documentos/www/ignite/reactnative/gofinances/src/screens/Dashboard/index.tsx","statementMap":{"0":{"start":{"line":44,"column":36},"end":{"line":44,"column":50}},"1":{"start":{"line":45,"column":42},"end":{"line":45,"column":71}},"2":{"start":{"line":46,"column":44},"end":{"line":46,"column":88}},"3":{"start":{"line":48,"column":16},"end":{"line":48,"column":26}},"4":{"start":{"line":49,"column":28},"end":{"line":49,"column":37}},"5":{"start":{"line":56,"column":32},"end":{"line":57,"column":55}},"6":{"start":{"line":57,"column":29},"end":{"line":57,"column":54}},"7":{"start":{"line":59,"column":4},"end":{"line":61,"column":5}},"8":{"start":{"line":60,"column":6},"end":{"line":60,"column":15}},"9":{"start":{"line":63,"column":28},"end":{"line":65,"column":67}},"10":{"start":{"line":65,"column":28},"end":{"line":65,"column":64}},"11":{"start":{"line":67,"column":4},"end":{"line":67,"column":107}},"12":{"start":{"line":71,"column":20},"end":{"line":71,"column":63}},"13":{"start":{"line":72,"column":21},"end":{"line":72,"column":56}},"14":{"start":{"line":73,"column":25},"end":{"line":73,"column":61}},"15":{"start":{"line":75,"column":23},"end":{"line":75,"column":24}},"16":{"start":{"line":76,"column":25},"end":{"line":76,"column":26}},"17":{"start":{"line":78,"column":51},"end":{"line":106,"column":8}},"18":{"start":{"line":81,"column":8},"end":{"line":85,"column":9}},"19":{"start":{"line":82,"column":10},"end":{"line":82,"column":46}},"20":{"start":{"line":84,"column":10},"end":{"line":84,"column":48}},"21":{"start":{"line":87,"column":23},"end":{"line":90,"column":10}},"22":{"start":{"line":92,"column":21},"end":{"line":96,"column":38}},"23":{"start":{"line":98,"column":8},"end":{"line":105,"column":9}},"24":{"start":{"line":108,"column":4},"end":{"line":108,"column":43}},"25":{"start":{"line":110,"column":35},"end":{"line":110,"column":83}},"26":{"start":{"line":111,"column":38},"end":{"line":111,"column":86}},"27":{"start":{"line":113,"column":26},"end":{"line":115,"column":43}},"28":{"start":{"line":117,"column":18},"end":{"line":117,"column":47}},"29":{"start":{"line":119,"column":4},"end":{"line":145,"column":6}},"30":{"start":{"line":147,"column":4},"end":{"line":147,"column":24}},"31":{"start":{"line":150,"column":2},"end":{"line":156,"column":9}},"32":{"start":{"line":151,"column":4},"end":{"line":151,"column":23}},"33":{"start":{"line":158,"column":2},"end":{"line":160,"column":10}},"34":{"start":{"line":159,"column":4},"end":{"line":159,"column":23}},"35":{"start":{"line":162,"column":2},"end":{"line":222,"column":3}},"36":{"start":{"line":214,"column":38},"end":{"line":214,"column":45}},"37":{"start":{"line":215,"column":42},"end":{"line":215,"column":73}}},"fnMap":{"0":{"name":"Dashboard","decl":{"start":{"line":43,"column":16},"end":{"line":43,"column":25}},"loc":{"start":{"line":43,"column":28},"end":{"line":223,"column":1}},"line":43},"1":{"name":"getLastTransactionDate","decl":{"start":{"line":51,"column":11},"end":{"line":51,"column":33}},"loc":{"start":{"line":54,"column":4},"end":{"line":68,"column":3}},"line":54},"2":{"name":"(anonymous_2)","decl":{"start":{"line":57,"column":14},"end":{"line":57,"column":15}},"loc":{"start":{"line":57,"column":29},"end":{"line":57,"column":54}},"line":57},"3":{"name":"(anonymous_3)","decl":{"start":{"line":65,"column":13},"end":{"line":65,"column":14}},"loc":{"start":{"line":65,"column":28},"end":{"line":65,"column":64}},"line":65},"4":{"name":"loadTransactions","decl":{"start":{"line":70,"column":17},"end":{"line":70,"column":33}},"loc":{"start":{"line":70,"column":36},"end":{"line":148,"column":3}},"line":70},"5":{"name":"(anonymous_5)","decl":{"start":{"line":79,"column":11},"end":{"line":79,"column":12}},"loc":{"start":{"line":79,"column":36},"end":{"line":106,"column":7}},"line":79},"6":{"name":"(anonymous_6)","decl":{"start":{"line":150,"column":12},"end":{"line":150,"column":13}},"loc":{"start":{"line":150,"column":18},"end":{"line":156,"column":3}},"line":150},"7":{"name":"(anonymous_7)","decl":{"start":{"line":158,"column":29},"end":{"line":158,"column":30}},"loc":{"start":{"line":158,"column":35},"end":{"line":160,"column":3}},"line":158},"8":{"name":"(anonymous_8)","decl":{"start":{"line":214,"column":30},"end":{"line":214,"column":31}},"loc":{"start":{"line":214,"column":38},"end":{"line":214,"column":45}},"line":214},"9":{"name":"(anonymous_9)","decl":{"start":{"line":215,"column":28},"end":{"line":215,"column":29}},"loc":{"start":{"line":215,"column":42},"end":{"line":215,"column":73}},"line":215}},"branchMap":{"0":{"loc":{"start":{"line":59,"column":4},"end":{"line":61,"column":5}},"type":"if","locations":[{"start":{"line":59,"column":4},"end":{"line":61,"column":5}},{"start":{"line":59,"column":4},"end":{"line":61,"column":5}}],"line":59},"1":{"loc":{"start":{"line":73,"column":25},"end":{"line":73,"column":61}},"type":"cond-expr","locations":[{"start":{"line":73,"column":36},"end":{"line":73,"column":56}},{"start":{"line":73,"column":59},"end":{"line":73,"column":61}}],"line":73},"2":{"loc":{"start":{"line":81,"column":8},"end":{"line":85,"column":9}},"type":"if","locations":[{"start":{"line":81,"column":8},"end":{"line":85,"column":9}},{"start":{"line":81,"column":8},"end":{"line":85,"column":9}}],"line":81},"3":{"loc":{"start":{"line":113,"column":26},"end":{"line":115,"column":43}},"type":"cond-expr","locations":[{"start":{"line":114,"column":8},"end":{"line":114,"column":27}},{"start":{"line":115,"column":8},"end":{"line":115,"column":43}}],"line":113},"4":{"loc":{"start":{"line":125,"column":26},"end":{"line":127,"column":58}},"type":"cond-expr","locations":[{"start":{"line":126,"column":12},"end":{"line":126,"column":31}},{"start":{"line":127,"column":12},"end":{"line":127,"column":58}}],"line":125},"5":{"loc":{"start":{"line":134,"column":26},"end":{"line":136,"column":59}},"type":"cond-expr","locations":[{"start":{"line":135,"column":12},"end":{"line":135,"column":31}},{"start":{"line":136,"column":12},"end":{"line":136,"column":59}}],"line":134},"6":{"loc":{"start":{"line":165,"column":8},"end":{"line":219,"column":13}},"type":"cond-expr","locations":[{"start":{"line":166,"column":10},"end":{"line":170,"column":26}},{"start":{"line":171,"column":10},"end":{"line":219,"column":13}}],"line":165}},"s":{"0":0,"1":0,"2":0,"3":0,"4":0,"5":0,"6":0,"7":0,"8":0,"9":0,"10":0,"11":0,"12":0,"13":0,"14":0,"15":0,"16":0,"17":0,"18":0,"19":0,"20":0,"21":0,"22":0,"23":0,"24":0,"25":0,"26":0,"27":0,"28":0,"29":0,"30":0,"31":0,"32":0,"33":0,"34":0,"35":0,"36":0,"37":0},"f":{"0":0,"1":0,"2":0,"3":0,"4":0,"5":0,"6":0,"7":0,"8":0,"9":0},"b":{"0":[0,0],"1":[0,0],"2":[0,0],"3":[0,0],"4":[0,0],"5":[0,0],"6":[0,0]}}
,"/home/jonathan/Documentos/www/ignite/reactnative/gofinances/src/screens/Profile/index.tsx": {"path":"/home/jonathan/Documentos/www/ignite/reactnative/gofinances/src/screens/Profile/index.tsx","statementMap":{"0":{"start":{"line":5,"column":2},"end":{"line":30,"column":4}}},"fnMap":{"0":{"name":"Profile","decl":{"start":{"line":4,"column":16},"end":{"line":4,"column":23}},"loc":{"start":{"line":4,"column":26},"end":{"line":31,"column":1}},"line":4},"1":{"name":"(anonymous_1)","decl":{"start":{"line":27,"column":17},"end":{"line":27,"column":18}},"loc":{"start":{"line":27,"column":23},"end":{"line":27,"column":26}},"line":27}},"branchMap":{},"s":{"0":0},"f":{"0":0,"1":0},"b":{}}
,"/home/jonathan/Documentos/www/ignite/reactnative/gofinances/src/screens/Register/index.tsx": {"path":"/home/jonathan/Documentos/www/ignite/reactnative/gofinances/src/screens/Register/index.tsx","statementMap":{"0":{"start":{"line":45,"column":15},"end":{"line":55,"column":2}},"1":{"start":{"line":58,"column":48},"end":{"line":58,"column":60}},"2":{"start":{"line":59,"column":52},"end":{"line":59,"column":67}},"3":{"start":{"line":61,"column":19},"end":{"line":61,"column":28}},"4":{"start":{"line":63,"column":34},"end":{"line":66,"column":4}},"5":{"start":{"line":68,"column":23},"end":{"line":68,"column":38}},"6":{"start":{"line":75,"column":6},"end":{"line":77,"column":4}},"7":{"start":{"line":80,"column":4},"end":{"line":80,"column":28}},"8":{"start":{"line":84,"column":4},"end":{"line":84,"column":31}},"9":{"start":{"line":88,"column":4},"end":{"line":88,"column":32}},"10":{"start":{"line":92,"column":4},"end":{"line":94,"column":5}},"11":{"start":{"line":93,"column":6},"end":{"line":93,"column":57}},"12":{"start":{"line":96,"column":4},"end":{"line":98,"column":5}},"13":{"start":{"line":97,"column":6},"end":{"line":97,"column":49}},"14":{"start":{"line":100,"column":44},"end":{"line":107,"column":5}},"15":{"start":{"line":109,"column":4},"end":{"line":130,"column":5}},"16":{"start":{"line":110,"column":22},"end":{"line":110,"column":65}},"17":{"start":{"line":111,"column":19},"end":{"line":111,"column":54}},"18":{"start":{"line":112,"column":26},"end":{"line":112,"column":54}},"19":{"start":{"line":114,"column":28},"end":{"line":114,"column":60}},"20":{"start":{"line":116,"column":6},"end":{"line":116,"column":73}},"21":{"start":{"line":118,"column":6},"end":{"line":118,"column":14}},"22":{"start":{"line":119,"column":6},"end":{"line":119,"column":29}},"23":{"start":{"line":120,"column":6},"end":{"line":123,"column":9}},"24":{"start":{"line":125,"column":6},"end":{"line":125,"column":36}},"25":{"start":{"line":128,"column":6},"end":{"line":128,"column":25}},"26":{"start":{"line":129,"column":6},"end":{"line":129,"column":45}},"27":{"start":{"line":133,"column":2},"end":{"line":200,"column":4}},"28":{"start":{"line":164,"column":31},"end":{"line":164,"column":65}},"29":{"start":{"line":171,"column":31},"end":{"line":171,"column":65}}},"fnMap":{"0":{"name":"Register","decl":{"start":{"line":57,"column":16},"end":{"line":57,"column":24}},"loc":{"start":{"line":57,"column":27},"end":{"line":201,"column":1}},"line":57},"1":{"name":"handleTransactionTypes","decl":{"start":{"line":79,"column":11},"end":{"line":79,"column":33}},"loc":{"start":{"line":79,"column":65},"end":{"line":81,"column":3}},"line":79},"2":{"name":"handleOpenSelectCategoryModal","decl":{"start":{"line":83,"column":11},"end":{"line":83,"column":40}},"loc":{"start":{"line":83,"column":43},"end":{"line":85,"column":3}},"line":83},"3":{"name":"handleCloseSelectCategoryModal","decl":{"start":{"line":87,"column":11},"end":{"line":87,"column":41}},"loc":{"start":{"line":87,"column":44},"end":{"line":89,"column":3}},"line":87},"4":{"name":"handleRegister","decl":{"start":{"line":91,"column":17},"end":{"line":91,"column":31}},"loc":{"start":{"line":91,"column":48},"end":{"line":131,"column":3}},"line":91},"5":{"name":"(anonymous_5)","decl":{"start":{"line":164,"column":25},"end":{"line":164,"column":26}},"loc":{"start":{"line":164,"column":31},"end":{"line":164,"column":65}},"line":164},"6":{"name":"(anonymous_6)","decl":{"start":{"line":171,"column":25},"end":{"line":171,"column":26}},"loc":{"start":{"line":171,"column":31},"end":{"line":171,"column":65}},"line":171}},"branchMap":{"0":{"loc":{"start":{"line":92,"column":4},"end":{"line":94,"column":5}},"type":"if","locations":[{"start":{"line":92,"column":4},"end":{"line":94,"column":5}},{"start":{"line":92,"column":4},"end":{"line":94,"column":5}}],"line":92},"1":{"loc":{"start":{"line":96,"column":4},"end":{"line":98,"column":5}},"type":"if","locations":[{"start":{"line":96,"column":4},"end":{"line":98,"column":5}},{"start":{"line":96,"column":4},"end":{"line":98,"column":5}}],"line":96},"2":{"loc":{"start":{"line":112,"column":26},"end":{"line":112,"column":54}},"type":"cond-expr","locations":[{"start":{"line":112,"column":33},"end":{"line":112,"column":49}},{"start":{"line":112,"column":52},"end":{"line":112,"column":54}}],"line":112},"3":{"loc":{"start":{"line":150,"column":21},"end":{"line":150,"column":55}},"type":"binary-expr","locations":[{"start":{"line":150,"column":21},"end":{"line":150,"column":32}},{"start":{"line":150,"column":36},"end":{"line":150,"column":55}}],"line":150},"4":{"loc":{"start":{"line":157,"column":21},"end":{"line":157,"column":59}},"type":"binary-expr","locations":[{"start":{"line":157,"column":21},"end":{"line":157,"column":34}},{"start":{"line":157,"column":38},"end":{"line":157,"column":59}}],"line":157}},"s":{"0":1,"1":2,"2":2,"3":2,"4":2,"5":2,"6":2,"7":0,"8":1,"9":0,"10":0,"11":0,"12":0,"13":0,"14":0,"15":0,"16":0,"17":0,"18":0,"19":0,"20":0,"21":0,"22":0,"23":0,"24":0,"25":0,"26":0,"27":2,"28":0,"29":0},"f":{"0":2,"1":0,"2":1,"3":0,"4":0,"5":0,"6":0},"b":{"0":[0,0],"1":[0,0],"2":[0,0],"3":[2,0],"4":[2,0]},"_coverageSchema":"1a1c01bbd47fc00a2c39e90264f33305004495a9","hash":"77172dc74eee125907cf432bc47a501451a27687"}
,"/home/jonathan/Documentos/www/ignite/reactnative/gofinances/src/screens/Resume/index.tsx": {"path":"/home/jonathan/Documentos/www/ignite/reactnative/gofinances/src/screens/Resume/index.tsx","statementMap":{"0":{"start":{"line":50,"column":36},"end":{"line":50,"column":51}},"1":{"start":{"line":51,"column":42},"end":{"line":51,"column":62}},"2":{"start":{"line":52,"column":52},"end":{"line":52,"column":80}},"3":{"start":{"line":54,"column":19},"end":{"line":54,"column":28}},"4":{"start":{"line":56,"column":16},"end":{"line":56,"column":26}},"5":{"start":{"line":59,"column":4},"end":{"line":63,"column":5}},"6":{"start":{"line":60,"column":6},"end":{"line":60,"column":50}},"7":{"start":{"line":62,"column":6},"end":{"line":62,"column":50}},"8":{"start":{"line":67,"column":4},"end":{"line":67,"column":23}},"9":{"start":{"line":68,"column":20},"end":{"line":68,"column":63}},"10":{"start":{"line":69,"column":21},"end":{"line":69,"column":56}},"11":{"start":{"line":70,"column":30},"end":{"line":70,"column":66}},"12":{"start":{"line":72,"column":23},"end":{"line":77,"column":7}},"13":{"start":{"line":74,"column":8},"end":{"line":76,"column":77}},"14":{"start":{"line":79,"column":28},"end":{"line":82,"column":11}},"15":{"start":{"line":81,"column":8},"end":{"line":81,"column":54}},"16":{"start":{"line":84,"column":44},"end":{"line":84,"column":46}},"17":{"start":{"line":86,"column":4},"end":{"line":113,"column":6}},"18":{"start":{"line":87,"column":24},"end":{"line":87,"column":25}},"19":{"start":{"line":89,"column":6},"end":{"line":93,"column":9}},"20":{"start":{"line":90,"column":8},"end":{"line":92,"column":9}},"21":{"start":{"line":91,"column":10},"end":{"line":91,"column":50}},"22":{"start":{"line":95,"column":6},"end":{"line":112,"column":7}},"23":{"start":{"line":96,"column":31},"end":{"line":100,"column":12}},"24":{"start":{"line":102,"column":24},"end":{"line":102,"column":78}},"25":{"start":{"line":104,"column":8},"end":{"line":111,"column":10}},"26":{"start":{"line":115,"column":4},"end":{"line":115,"column":42}},"27":{"start":{"line":116,"column":4},"end":{"line":116,"column":24}},"28":{"start":{"line":119,"column":2},"end":{"line":121,"column":22}},"29":{"start":{"line":120,"column":4},"end":{"line":120,"column":15}},"30":{"start":{"line":124,"column":2},"end":{"line":186,"column":3}},"31":{"start":{"line":146,"column":48},"end":{"line":146,"column":72}},"32":{"start":{"line":152,"column":48},"end":{"line":152,"column":72}},"33":{"start":{"line":160,"column":62},"end":{"line":160,"column":76}},"34":{"start":{"line":175,"column":16},"end":{"line":180,"column":18}}},"fnMap":{"0":{"name":"Resume","decl":{"start":{"line":49,"column":16},"end":{"line":49,"column":22}},"loc":{"start":{"line":49,"column":25},"end":{"line":187,"column":1}},"line":49},"1":{"name":"handleDateChange","decl":{"start":{"line":58,"column":11},"end":{"line":58,"column":27}},"loc":{"start":{"line":58,"column":53},"end":{"line":64,"column":3}},"line":58},"2":{"name":"loadData","decl":{"start":{"line":66,"column":17},"end":{"line":66,"column":25}},"loc":{"start":{"line":66,"column":28},"end":{"line":117,"column":3}},"line":66},"3":{"name":"(anonymous_3)","decl":{"start":{"line":73,"column":13},"end":{"line":73,"column":14}},"loc":{"start":{"line":74,"column":8},"end":{"line":76,"column":77}},"line":74},"4":{"name":"(anonymous_4)","decl":{"start":{"line":80,"column":13},"end":{"line":80,"column":14}},"loc":{"start":{"line":80,"column":66},"end":{"line":82,"column":7}},"line":80},"5":{"name":"(anonymous_5)","decl":{"start":{"line":86,"column":23},"end":{"line":86,"column":24}},"loc":{"start":{"line":86,"column":35},"end":{"line":113,"column":5}},"line":86},"6":{"name":"(anonymous_6)","decl":{"start":{"line":89,"column":25},"end":{"line":89,"column":26}},"loc":{"start":{"line":89,"column":57},"end":{"line":93,"column":7}},"line":89},"7":{"name":"(anonymous_7)","decl":{"start":{"line":119,"column":29},"end":{"line":119,"column":30}},"loc":{"start":{"line":119,"column":35},"end":{"line":121,"column":3}},"line":119},"8":{"name":"(anonymous_8)","decl":{"start":{"line":146,"column":42},"end":{"line":146,"column":43}},"loc":{"start":{"line":146,"column":48},"end":{"line":146,"column":72}},"line":146},"9":{"name":"(anonymous_9)","decl":{"start":{"line":152,"column":42},"end":{"line":152,"column":43}},"loc":{"start":{"line":152,"column":48},"end":{"line":152,"column":72}},"line":152},"10":{"name":"(anonymous_10)","decl":{"start":{"line":160,"column":50},"end":{"line":160,"column":51}},"loc":{"start":{"line":160,"column":62},"end":{"line":160,"column":76}},"line":160},"11":{"name":"(anonymous_11)","decl":{"start":{"line":174,"column":36},"end":{"line":174,"column":37}},"loc":{"start":{"line":175,"column":16},"end":{"line":180,"column":18}},"line":175}},"branchMap":{"0":{"loc":{"start":{"line":59,"column":4},"end":{"line":63,"column":5}},"type":"if","locations":[{"start":{"line":59,"column":4},"end":{"line":63,"column":5}},{"start":{"line":59,"column":4},"end":{"line":63,"column":5}}],"line":59},"1":{"loc":{"start":{"line":70,"column":30},"end":{"line":70,"column":66}},"type":"cond-expr","locations":[{"start":{"line":70,"column":41},"end":{"line":70,"column":61}},{"start":{"line":70,"column":64},"end":{"line":70,"column":66}}],"line":70},"2":{"loc":{"start":{"line":74,"column":8},"end":{"line":76,"column":77}},"type":"binary-expr","locations":[{"start":{"line":74,"column":8},"end":{"line":74,"column":37}},{"start":{"line":75,"column":8},"end":{"line":75,"column":71}},{"start":{"line":76,"column":8},"end":{"line":76,"column":77}}],"line":74},"3":{"loc":{"start":{"line":90,"column":8},"end":{"line":92,"column":9}},"type":"if","locations":[{"start":{"line":90,"column":8},"end":{"line":92,"column":9}},{"start":{"line":90,"column":8},"end":{"line":92,"column":9}}],"line":90},"4":{"loc":{"start":{"line":95,"column":6},"end":{"line":112,"column":7}},"type":"if","locations":[{"start":{"line":95,"column":6},"end":{"line":112,"column":7}},{"start":{"line":95,"column":6},"end":{"line":112,"column":7}}],"line":95},"5":{"loc":{"start":{"line":130,"column":8},"end":{"line":183,"column":20}},"type":"cond-expr","locations":[{"start":{"line":131,"column":10},"end":{"line":135,"column":26}},{"start":{"line":138,"column":10},"end":{"line":183,"column":20}}],"line":130}},"s":{"0":0,"1":0,"2":0,"3":0,"4":0,"5":0,"6":0,"7":0,"8":0,"9":0,"10":0,"11":0,"12":0,"13":0,"14":0,"15":0,"16":0,"17":0,"18":0,"19":0,"20":0,"21":0,"22":0,"23":0,"24":0,"25":0,"26":0,"27":0,"28":0,"29":0,"30":0,"31":0,"32":0,"33":0,"34":0},"f":{"0":0,"1":0,"2":0,"3":0,"4":0,"5":0,"6":0,"7":0,"8":0,"9":0,"10":0,"11":0},"b":{"0":[0,0],"1":[0,0],"2":[0,0,0],"3":[0,0],"4":[0,0],"5":[0,0]}}
,"/home/jonathan/Documentos/www/ignite/reactnative/gofinances/src/screens/SignIn/index.tsx": {"path":"/home/jonathan/Documentos/www/ignite/reactnative/gofinances/src/screens/SignIn/index.tsx","statementMap":{"0":{"start":{"line":25,"column":36},"end":{"line":25,"column":51}},"1":{"start":{"line":26,"column":31},"end":{"line":26,"column":40}},"2":{"start":{"line":27,"column":16},"end":{"line":27,"column":26}},"3":{"start":{"line":30,"column":4},"end":{"line":37,"column":5}},"4":{"start":{"line":31,"column":6},"end":{"line":31,"column":25}},"5":{"start":{"line":32,"column":6},"end":{"line":32,"column":38}},"6":{"start":{"line":34,"column":6},"end":{"line":34,"column":25}},"7":{"start":{"line":35,"column":6},"end":{"line":35,"column":62}},"8":{"start":{"line":36,"column":6},"end":{"line":36,"column":26}},"9":{"start":{"line":40,"column":2},"end":{"line":88,"column":3}}},"fnMap":{"0":{"name":"SignIn","decl":{"start":{"line":24,"column":16},"end":{"line":24,"column":22}},"loc":{"start":{"line":24,"column":25},"end":{"line":89,"column":1}},"line":24},"1":{"name":"handleSignInWithGoogle","decl":{"start":{"line":29,"column":17},"end":{"line":29,"column":39}},"loc":{"start":{"line":29,"column":42},"end":{"line":38,"column":3}},"line":29}},"branchMap":{"0":{"loc":{"start":{"line":73,"column":12},"end":{"line":77,"column":14}},"type":"binary-expr","locations":[{"start":{"line":73,"column":12},"end":{"line":73,"column":33}},{"start":{"line":74,"column":12},"end":{"line":77,"column":14}}],"line":73},"1":{"loc":{"start":{"line":81,"column":9},"end":{"line":85,"column":12}},"type":"binary-expr","locations":[{"start":{"line":81,"column":9},"end":{"line":81,"column":18}},{"start":{"line":82,"column":10},"end":{"line":85,"column":12}}],"line":81}},"s":{"0":0,"1":0,"2":0,"3":0,"4":0,"5":0,"6":0,"7":0,"8":0,"9":0},"f":{"0":0,"1":0},"b":{"0":[0,0],"1":[0,0]}}
}
